<?xml version="1.0" encoding="UTF-8"?>
<!-- Generated by org.testng.reporters.JUnitReportReporter -->
<testsuite hostname="RAMPE" failures="0" tests="1" name="com.testpage.loginpagetest" time="6.915" errors="0" timestamp="2021-03-24T11:06:53 IST" skipped="0">
  <testcase classname="com.testpage.loginpagetest" name="login" time="6.915"/>
  <system-out/>
</testsuite> <!-- com.testpage.loginpagetest -->
