<?xml version="1.0" encoding="UTF-8"?>
<!-- Generated by org.testng.reporters.JUnitReportReporter -->
<testsuite hostname="RAMPE" failures="0" tests="1" name="ddt.datadriven" time="36.944" errors="0" timestamp="2021-05-15T09:43:41 IST" skipped="0">
  <testcase classname="ddt.datadriven" name="tests" time="36.944"/>
  <system-out/>
</testsuite> <!-- ddt.datadriven -->
